<?xml version="1.0" encoding="UTF-8"?>
<!-- Generated by org.testng.reporters.JUnitReportReporter -->
<testsuite skipped="0" hostname="KSAKINAL-L1-505" name="com.realtor.automationtestting.testcses.RealtorSearch" tests="3" failures="0" timestamp="22 Jan 2018 08:10:32 GMT" time="31.687" errors="0">
  <testcase name="ValidatingRealtorSearchFunctionalitiesTest" time="13.890" classname="com.realtor.automationtestting.testcses.RealtorSearch"/>
  <testcase name="ValidatingRealtorsearchnumberFunctionalitiesTest" time="6.453" classname="com.realtor.automationtestting.testcses.RealtorSearch"/>
  <testcase name="ValidatingRealtorsecondaddresssearchresultFunctionalitiesTest" time="11.344" classname="com.realtor.automationtestting.testcses.RealtorSearch"/>
</testsuite> <!-- com.realtor.automationtestting.testcses.RealtorSearch -->
